<?xml version="1.0" encoding="UTF-8"?>
<!-- Generated by org.testng.reporters.JUnitReportReporter -->
<testsuite hostname="LPCL-PG033Y7Y" failures="0" tests="1" name="testClasses.TextBoxTest" time="4.935" errors="0" timestamp="2024-07-19T14:03:22 IST" skipped="0">
  <testcase classname="testClasses.TextBoxTest" name="validatingTextBox" time="4.935"/>
  <system-out/>
</testsuite> <!-- testClasses.TextBoxTest -->
