<?xml version="1.0" encoding="UTF-8"?>
<!-- Generated by org.testng.reporters.JUnitReportReporter -->
<testsuite hostname="LPCL-PG033Y7Y" failures="0" tests="1" name="democlasses.DemoAlerts" time="15.016" errors="0" timestamp="2024-06-26T16:12:58 IST" skipped="0">
  <testcase classname="democlasses.DemoAlerts" name="m1" time="15.016"/>
  <system-out/>
</testsuite> <!-- democlasses.DemoAlerts -->
