<?xml version="1.0" encoding="UTF-8"?>
<!-- Generated by org.testng.reporters.JUnitReportReporter -->
<testsuite hostname="LPCL-PG033Y7Y" failures="0" tests="1" name="testClasses.ButtonsTest" time="4.639" errors="0" timestamp="2024-06-27T12:14:07 IST" skipped="0">
  <testcase classname="testClasses.ButtonsTest" name="validatingButtons" time="4.639"/>
  <system-out/>
</testsuite> <!-- testClasses.ButtonsTest -->
