<?xml version="1.0" encoding="UTF-8"?>
<!-- Generated by org.testng.reporters.JUnitReportReporter -->
<testsuite hostname="LPCL-PG0340BY" failures="0" tests="1" name="testClasses.ButtonsTest" time="4.955" errors="0" timestamp="2024-07-19T19:41:20 IST" skipped="0">
  <testcase classname="testClasses.ButtonsTest" name="validatingButtons" time="4.955"/>
  <system-out/>
</testsuite> <!-- testClasses.ButtonsTest -->
