<?xml version="1.0" encoding="UTF-8"?>
<!-- Generated by org.testng.reporters.JUnitReportReporter -->
<testsuite hostname="LPCL-PG0340BY" failures="0" tests="1" name="testClasses.TextBoxTest" time="5.126" errors="0" timestamp="2024-07-16T21:13:04 IST" skipped="0">
  <testcase classname="testClasses.TextBoxTest" name="validatingTextBox" time="5.126"/>
  <system-out/>
</testsuite> <!-- testClasses.TextBoxTest -->
