<?xml version="1.0" encoding="UTF-8"?>
<!-- Generated by org.testng.reporters.JUnitReportReporter -->
<testsuite hostname="LPCL-PG033Y7Y" failures="0" tests="1" name="democlasses.DemoButtons" time="17.736" errors="0" timestamp="2024-06-26T14:53:11 IST" skipped="0">
  <testcase classname="democlasses.DemoButtons" name="m1" time="17.736"/>
  <system-out/>
</testsuite> <!-- democlasses.DemoButtons -->
