<?xml version="1.0" encoding="UTF-8"?>
<!-- Generated by org.testng.reporters.JUnitReportReporter -->
<testsuite hostname="LPCL-PG033Y7Y" failures="0" tests="1" name="testClasses.TextBoxTest" time="6.133" errors="0" timestamp="2024-06-27T12:14:07 IST" skipped="0">
  <testcase classname="testClasses.TextBoxTest" name="validatingTextBox" time="6.133"/>
  <system-out/>
</testsuite> <!-- testClasses.TextBoxTest -->
