<?xml version="1.0" encoding="UTF-8"?>
<!-- Generated by org.testng.reporters.JUnitReportReporter -->
<testsuite hostname="LPCL-PG033Y7Y" failures="0" tests="1" name="testClasses.BaseClass" time="6.625" errors="0" timestamp="2024-06-21T13:08:04 IST" skipped="0">
  <testcase classname="testClasses.BaseClass" name="initBrowser" time="6.625"/>
  <system-out/>
</testsuite> <!-- testClasses.BaseClass -->
