<?xml version="1.0" encoding="UTF-8"?>
<!-- Generated by org.testng.reporters.JUnitReportReporter -->
<testsuite hostname="LPCL-PG0340BY" failures="0" tests="1" name="democlasses.launchBrowser" time="11.903" errors="0" timestamp="2024-07-18T20:53:13 IST" skipped="0">
  <testcase classname="democlasses.launchBrowser" name="launchBrowser" time="11.903"/>
  <system-out/>
</testsuite> <!-- democlasses.launchBrowser -->
