<?xml version="1.0" encoding="UTF-8"?>
<!-- Generated by org.testng.reporters.JUnitReportReporter -->
<testsuite hostname="LPCL-PG0340BY" failures="0" tests="2" name="testClasses.WebTablesTest" time="12.650" errors="0" timestamp="2024-07-24T18:17:29 IST" skipped="0">
  <testcase classname="testClasses.WebTablesTest" name="WebTableValidation" time="6.693"/>
  <system-out/>
  <testcase classname="testClasses.WebTablesTest" name="WebTableValidation" time="5.957"/>
  <system-out/>
</testsuite> <!-- testClasses.WebTablesTest -->
