<?xml version="1.0" encoding="UTF-8"?>
<!-- Generated by org.testng.reporters.JUnitReportReporter -->
<testsuite hostname="LPCL-PG033Y7Y" failures="0" tests="1" name="testClasses.CheckBoxTest" time="0.468" errors="0" timestamp="2024-07-19T14:03:22 IST" skipped="0">
  <testcase classname="testClasses.CheckBoxTest" name="validatingCheckBox" time="0.468"/>
  <system-out/>
</testsuite> <!-- testClasses.CheckBoxTest -->
