<?xml version="1.0" encoding="UTF-8"?>
<!-- Generated by org.testng.reporters.JUnitReportReporter -->
<testsuite hostname="LPCL-PG0340BY" failures="0" tests="1" name="testClasses.CheckBoxTest" time="0.480" errors="0" timestamp="2024-07-16T21:13:04 IST" skipped="0">
  <testcase classname="testClasses.CheckBoxTest" name="validatingCheckBox" time="0.480"/>
  <system-out/>
</testsuite> <!-- testClasses.CheckBoxTest -->
