<?xml version="1.0" encoding="UTF-8"?>
<!-- Generated by org.testng.reporters.JUnitReportReporter -->
<testsuite hostname="LPCL-PG033Y7Y" failures="0" tests="1" name="testClasses.CheckBoxTest" time="0.851" errors="0" timestamp="2024-06-27T12:14:07 IST" skipped="0">
  <testcase classname="testClasses.CheckBoxTest" name="validatingCheckBox" time="0.851"/>
  <system-out/>
</testsuite> <!-- testClasses.CheckBoxTest -->
