<?xml version="1.0" encoding="UTF-8"?>
<!-- Generated by org.testng.reporters.JUnitReportReporter -->
<testsuite hostname="LPCL-PG0340BY" failures="0" tests="6" name="testClasses.WebTablesTest" time="41.944" errors="0" timestamp="2024-07-17T16:56:03 IST" skipped="0">
  <testcase classname="testClasses.WebTablesTest" name="validatingWebTables" time="7.261"/>
  <system-out/>
  <testcase classname="testClasses.WebTablesTest" name="validatingWebTables" time="6.943"/>
  <system-out/>
  <testcase classname="testClasses.WebTablesTest" name="validatingWebTables" time="7.016"/>
  <system-out/>
  <testcase classname="testClasses.WebTablesTest" name="validatingWebTables" time="6.882"/>
  <system-out/>
  <testcase classname="testClasses.WebTablesTest" name="validatingWebTables" time="6.875"/>
  <system-out/>
  <testcase classname="testClasses.WebTablesTest" name="validatingWebTables" time="6.967"/>
  <system-out/>
</testsuite> <!-- testClasses.WebTablesTest -->
