<?xml version="1.0" encoding="UTF-8"?>
<!-- Generated by org.testng.reporters.JUnitReportReporter -->
<testsuite hostname="LPCL-PG0340BY" failures="0" tests="1" name="testClasses.RadioButtonTest" time="9.298" errors="0" timestamp="2024-07-24T18:16:03 IST" skipped="0">
  <testcase classname="testClasses.RadioButtonTest" name="RadioButtonValidation" time="9.298"/>
  <system-out/>
</testsuite> <!-- testClasses.RadioButtonTest -->
