<?xml version="1.0" encoding="UTF-8"?>
<!-- Generated by org.testng.reporters.JUnitReportReporter -->
<testsuite hostname="LPCL-PG033Y7Y" failures="0" tests="1" name="democlasses.DemoTextBox" time="20.020" errors="0" timestamp="2024-07-26T19:59:19 IST" skipped="0">
  <testcase classname="democlasses.DemoTextBox" name="m1" time="20.020"/>
  <system-out/>
</testsuite> <!-- democlasses.DemoTextBox -->
