<?xml version="1.0" encoding="UTF-8"?>
<!-- Generated by org.testng.reporters.JUnitReportReporter -->
<testsuite hostname="LPCL-PG033Y7Y" failures="0" tests="1" name="democlasses.DemoRadio" time="12.123" errors="0" timestamp="2024-06-26T09:59:15 IST" skipped="0">
  <testcase classname="democlasses.DemoRadio" name="m1" time="12.123"/>
  <system-out/>
</testsuite> <!-- democlasses.DemoRadio -->
