<?xml version="1.0" encoding="UTF-8"?>
<!-- Generated by org.testng.reporters.JUnitReportReporter -->
<<<<<<< HEAD
<testsuite hostname="LPCL-PG033Y7Y" failures="0" tests="1" name="testClasses.RadioButtonTest" time="4.290" errors="0" timestamp="2024-07-19T17:55:20 IST" skipped="0">
  <testcase classname="testClasses.RadioButtonTest" name="validatingRadioButton" time="4.290"/>
=======
<testsuite hostname="LPCL-PG0340BY" failures="0" tests="1" name="testClasses.RadioButtonTest" time="4.506" errors="0" timestamp="2024-07-19T19:41:20 IST" skipped="0">
  <testcase classname="testClasses.RadioButtonTest" name="validatingRadioButton" time="4.506"/>
>>>>>>> refs/remotes/origin/master
  <system-out/>
</testsuite> <!-- testClasses.RadioButtonTest -->
