<?xml version="1.0" encoding="UTF-8"?>
<!-- Generated by org.testng.reporters.JUnitReportReporter -->
<testsuite hostname="LPCL-PG033Y7Y" failures="0" tests="1" name="democlasses.DemoTextBox" time="20.527" errors="0" timestamp="2024-06-26T10:29:38 IST" skipped="0">
  <testcase classname="democlasses.DemoTextBox" name="m1" time="20.527"/>
  <system-out/>
</testsuite> <!-- democlasses.DemoTextBox -->
