<?xml version="1.0" encoding="UTF-8"?>
<!-- Generated by org.testng.reporters.JUnitReportReporter -->
<<<<<<< HEAD
<testsuite hostname="LPCL-PG033Y7Y" failures="0" tests="6" name="utilclasses.TestDataProvider" time="0.009" errors="0" timestamp="2024-06-26T18:18:13 IST" skipped="0">
  <testcase classname="utilclasses.TestDataProvider" name="m5" time="0.001"/>
  <system-out/>
  <testcase classname="utilclasses.TestDataProvider" name="m5" time="0.001"/>
  <system-out/>
  <testcase classname="utilclasses.TestDataProvider" name="m5" time="0.001"/>
  <system-out/>
  <testcase classname="utilclasses.TestDataProvider" name="m5" time="0.004"/>
  <system-out/>
  <testcase classname="utilclasses.TestDataProvider" name="m5" time="0.001"/>
=======
<testsuite hostname="LPCL-PG0340BY" failures="0" tests="6" name="utilclasses.TestDataProvider" time="0.019" errors="0" timestamp="2024-07-17T12:26:29 IST" skipped="0">
  <testcase classname="utilclasses.TestDataProvider" name="m5" time="0.002"/>
  <system-out/>
  <testcase classname="utilclasses.TestDataProvider" name="m5" time="0.001"/>
  <system-out/>
  <testcase classname="utilclasses.TestDataProvider" name="m5" time="0.002"/>
  <system-out/>
  <testcase classname="utilclasses.TestDataProvider" name="m5" time="0.001"/>
  <system-out/>
  <testcase classname="utilclasses.TestDataProvider" name="m5" time="0.012"/>
>>>>>>> refs/remotes/origin/master
  <system-out/>
  <testcase classname="utilclasses.TestDataProvider" name="m5" time="0.001"/>
  <system-out/>
</testsuite> <!-- utilclasses.TestDataProvider -->
