<?xml version="1.0" encoding="UTF-8"?>
<!-- Generated by org.testng.reporters.JUnitReportReporter -->
<testsuite hostname="LPCL-PG0340BY" failures="0" tests="2" name="testClasses.WebTablesTest" time="16.666" errors="0" timestamp="2024-07-19T18:56:25 IST" skipped="0">
  <testcase classname="testClasses.WebTablesTest" name="validatingWebTables" time="7.796"/>
  <system-out/>
  <testcase classname="testClasses.WebTablesTest" name="validatingWebTables" time="8.870"/>
  <system-out/>
</testsuite> <!-- testClasses.WebTablesTest -->
