<?xml version="1.0" encoding="UTF-8"?>
<!-- Generated by org.testng.reporters.JUnitReportReporter -->
<testsuite hostname="LPCL-PG033Y7Y" failures="0" tests="1" name="democlasses.FaviconURL" time="3.468" errors="0" timestamp="2024-09-02T10:31:36 IST" skipped="0">
  <testcase classname="democlasses.FaviconURL" name="m1" time="3.468"/>
  <system-out/>
</testsuite> <!-- democlasses.FaviconURL -->
