<?xml version="1.0" encoding="UTF-8"?>
<!-- Generated by org.testng.reporters.JUnitReportReporter -->
<testsuite hostname="LPCL-PG033Y7Y" failures="0" tests="1" name="democlasses.DemoFrames" time="4.267" errors="0" timestamp="2024-06-26T17:17:34 IST" skipped="0">
  <testcase classname="democlasses.DemoFrames" name="m1" time="4.267"/>
  <system-out/>
</testsuite> <!-- democlasses.DemoFrames -->
