<?xml version="1.0" encoding="UTF-8"?>
<!-- Generated by org.testng.reporters.JUnitReportReporter -->
<testsuite hostname="LPCL-PG033Y7Y" failures="0" tests="1" name="democlasses.SweplyLogin" time="32.192" errors="0" timestamp="2024-08-05T12:07:38 IST" skipped="0">
  <testcase classname="democlasses.SweplyLogin" name="login" time="32.192"/>
  <system-out/>
</testsuite> <!-- democlasses.SweplyLogin -->
