<?xml version="1.0" encoding="UTF-8"?>
<!-- Generated by org.testng.reporters.JUnitReportReporter -->
<testsuite hostname="LPCL-PG033Y7Y" failures="0" tests="6" name="testClasses.WebTablesTest" time="40.041" errors="0" timestamp="2024-07-19T18:49:56 IST" skipped="0">
  <testcase classname="testClasses.WebTablesTest" name="validatingWebTables" time="6.623"/>
  <system-out/>
  <testcase classname="testClasses.WebTablesTest" name="validatingWebTables" time="6.624"/>
  <system-out/>
  <testcase classname="testClasses.WebTablesTest" name="validatingWebTables" time="6.843"/>
  <system-out/>
  <testcase classname="testClasses.WebTablesTest" name="validatingWebTables" time="6.716"/>
  <system-out/>
  <testcase classname="testClasses.WebTablesTest" name="validatingWebTables" time="6.615"/>
  <system-out/>
  <testcase classname="testClasses.WebTablesTest" name="validatingWebTables" time="6.620"/>
  <system-out/>
</testsuite> <!-- testClasses.WebTablesTest -->
