<?xml version="1.0" encoding="UTF-8"?>
<!-- Generated by org.testng.reporters.JUnitReportReporter -->
<testsuite hostname="LPCL-PG0340BY" failures="0" tests="1" name="testClasses.CheckBoxTest" time="5.026" errors="0" timestamp="2024-07-24T17:53:20 IST" skipped="0">
  <testcase classname="testClasses.CheckBoxTest" name="CheckBoxValidation" time="5.026"/>
  <system-out/>
</testsuite> <!-- testClasses.CheckBoxTest -->
