<?xml version="1.0" encoding="UTF-8"?>
<!-- Generated by org.testng.reporters.JUnitReportReporter -->
<testsuite hostname="LPCL-PG033Y7Y" failures="0" tests="1" name="testClasses.TextBoxTest" time="5.378" errors="0" timestamp="2024-07-19T17:55:20 IST" skipped="0">
  <testcase classname="testClasses.TextBoxTest" name="validatingTextBox" time="5.378"/>
  <system-out/>
</testsuite> <!-- testClasses.TextBoxTest -->
