<?xml version="1.0" encoding="UTF-8"?>
<!-- Generated by org.testng.reporters.JUnitReportReporter -->
<testsuite hostname="LPCL-PG033Y7Y" failures="0" tests="1" name="paragondemo.DemoTable" time="133.676" errors="0" timestamp="2024-08-06T21:47:34 IST" skipped="0">
  <testcase classname="paragondemo.DemoTable" name="m1" time="133.676"/>
  <system-out/>
</testsuite> <!-- paragondemo.DemoTable -->
