<?xml version="1.0" encoding="UTF-8"?>
<!-- Generated by org.testng.reporters.JUnitReportReporter -->
<testsuite hostname="LPCL-PG0340BY" failures="0" tests="1" name="testClasses.ButtonsTest" time="9.464" errors="0" timestamp="2024-07-24T19:36:53 IST" skipped="0">
  <testcase classname="testClasses.ButtonsTest" name="ButtonValidation" time="9.464"/>
  <system-out/>
</testsuite> <!-- testClasses.ButtonsTest -->
