<?xml version="1.0" encoding="UTF-8"?>
<!-- Generated by org.testng.reporters.JUnitReportReporter -->
<testsuite hostname="LPCL-PG033Y7Y" failures="0" tests="1" name="democlasses.DemoWindow" time="21.647" errors="0" timestamp="2024-06-26T21:05:38 IST" skipped="0">
  <testcase classname="democlasses.DemoWindow" name="m1" time="21.647"/>
  <system-out/>
</testsuite> <!-- democlasses.DemoWindow -->
