<?xml version="1.0" encoding="UTF-8"?>
<!-- Generated by org.testng.reporters.JUnitReportReporter -->
<testsuite hostname="LPCL-PG033Y7Y" failures="0" tests="1" name="democlasses.FaviconURL" time="7.534" errors="0" timestamp="2024-07-15T18:39:13 IST" skipped="0">
  <testcase classname="democlasses.FaviconURL" name="m1" time="7.534"/>
  <system-out/>
</testsuite> <!-- democlasses.FaviconURL -->
