<?xml version="1.0" encoding="UTF-8"?>
<!-- Generated by org.testng.reporters.JUnitReportReporter -->
<testsuite hostname="LPCL-PG033Y7Y" failures="0" tests="1" name="democlasses.SweplyCreateAccount" time="33.362" errors="0" timestamp="2024-08-05T12:07:38 IST" skipped="0">
  <testcase classname="democlasses.SweplyCreateAccount" name="signUp" time="33.362"/>
  <system-out/>
</testsuite> <!-- democlasses.SweplyCreateAccount -->
