<?xml version="1.0" encoding="UTF-8"?>
<!-- Generated by org.testng.reporters.JUnitReportReporter -->
<testsuite hostname="LPCL-PG0340BY" failures="0" tests="1" name="testClasses.TextBoxTest" time="6.980" errors="0" timestamp="2024-07-24T18:11:46 IST" skipped="0">
  <testcase classname="testClasses.TextBoxTest" name="TextboxValidation" time="6.980"/>
  <system-out/>
</testsuite> <!-- testClasses.TextBoxTest -->
