<?xml version="1.0" encoding="UTF-8"?>
<!-- Generated by org.testng.reporters.JUnitReportReporter -->
<testsuite hostname="LPCL-PG033Y7Y" failures="0" tests="1" name="tdstestsclasses.TestAgentRegistration" time="17.307" errors="0" timestamp="2025-05-15T18:50:26 IST" skipped="0">
  <testcase classname="tdstestsclasses.TestAgentRegistration" name="agentRegistration" time="17.307"/>
  <system-out/>
</testsuite> <!-- tdstestsclasses.TestAgentRegistration -->
